0 info it worked if it ends with ok
1 verbose cli [ '/Users/joaquim/.nvm/versions/node/v6.10.1/bin/node',
1 verbose cli   '/Users/joaquim/.nvm/versions/node/v6.10.1/bin/npm',
1 verbose cli   'run',
1 verbose cli   'express' ]
2 info using npm@3.10.10
3 info using node@v6.10.1
4 verbose run-script [ 'preexpress', 'express', 'postexpress' ]
5 info lifecycle auth-demo@1.0.0~preexpress: auth-demo@1.0.0
6 silly lifecycle auth-demo@1.0.0~preexpress: no script for preexpress, continuing
7 info lifecycle auth-demo@1.0.0~express: auth-demo@1.0.0
8 verbose lifecycle auth-demo@1.0.0~express: unsafe-perm in lifecycle true
9 verbose lifecycle auth-demo@1.0.0~express: PATH: /Users/joaquim/.nvm/versions/node/v6.10.1/lib/node_modules/npm/bin/node-gyp-bin:/Users/joaquim/Documents/workspace/auth-demo/node_modules/.bin:/Users/joaquim/.yarn/bin:/usr/local/sbin:/usr/local/opt/php71/bin:/Users/joaquim/.nvm/versions/node/v6.10.1/bin:/usr/local/bin:/usr/bin:/bin:/usr/sbin:/sbin:/usr/local/MacGPG2/bin
10 verbose lifecycle auth-demo@1.0.0~express: CWD: /Users/joaquim/Documents/workspace/auth-demo
11 silly lifecycle auth-demo@1.0.0~express: Args: [ '-c', 'node src/servers/express' ]
12 silly lifecycle auth-demo@1.0.0~express: Returned: code: 1  signal: null
13 info lifecycle auth-demo@1.0.0~express: Failed to exec express script
14 verbose stack Error: auth-demo@1.0.0 express: `node src/servers/express`
14 verbose stack Exit status 1
14 verbose stack     at EventEmitter.<anonymous> (/Users/joaquim/.nvm/versions/node/v6.10.1/lib/node_modules/npm/lib/utils/lifecycle.js:255:16)
14 verbose stack     at emitTwo (events.js:106:13)
14 verbose stack     at EventEmitter.emit (events.js:191:7)
14 verbose stack     at ChildProcess.<anonymous> (/Users/joaquim/.nvm/versions/node/v6.10.1/lib/node_modules/npm/lib/utils/spawn.js:40:14)
14 verbose stack     at emitTwo (events.js:106:13)
14 verbose stack     at ChildProcess.emit (events.js:191:7)
14 verbose stack     at maybeClose (internal/child_process.js:886:16)
14 verbose stack     at Process.ChildProcess._handle.onexit (internal/child_process.js:226:5)
15 verbose pkgid auth-demo@1.0.0
16 verbose cwd /Users/joaquim/Documents/workspace/auth-demo
17 error Darwin 16.6.0
18 error argv "/Users/joaquim/.nvm/versions/node/v6.10.1/bin/node" "/Users/joaquim/.nvm/versions/node/v6.10.1/bin/npm" "run" "express"
19 error node v6.10.1
20 error npm  v3.10.10
21 error code ELIFECYCLE
22 error auth-demo@1.0.0 express: `node src/servers/express`
22 error Exit status 1
23 error Failed at the auth-demo@1.0.0 express script 'node src/servers/express'.
23 error Make sure you have the latest version of node.js and npm installed.
23 error If you do, this is most likely a problem with the auth-demo package,
23 error not with npm itself.
23 error Tell the author that this fails on your system:
23 error     node src/servers/express
23 error You can get information on how to open an issue for this project with:
23 error     npm bugs auth-demo
23 error Or if that isn't available, you can get their info via:
23 error     npm owner ls auth-demo
23 error There is likely additional logging output above.
24 verbose exit [ 1, true ]
